#! /usr/local/bin/vvp
:ivl_version "11.0 (devel)" "(s20150603-642-g3bdb50da)";
:ivl_delay_selection "TYPICAL";
:vpi_time_precision + 0;
:vpi_module "system";
:vpi_module "vhdl_sys";
:vpi_module "vhdl_textio";
:vpi_module "v2005_math";
:vpi_module "va_math";
:vpi_module "v2009";
S_0x7f8909500140 .scope package, "$unit" "$unit" 2 1;
 .timescale 0 0;
S_0x7f8909518c50 .scope module, "Stack_tb" "Stack_tb" 3 6;
 .timescale 0 0;
P_0x7f8909518dc0 .param/l "DEPTH" 0 3 9, +C4<00000000000000000000000000000001>;
P_0x7f8909518e00 .param/l "MAX_STACK" 1 3 11, +C4<00000000000000000000000000000000011>;
P_0x7f8909518e40 .param/l "WIDTH" 0 3 8, +C4<00000000000000000000000000001000>;
v0x7f8909529b70_0 .var "clk", 0 0;
v0x7f8909529c30_0 .var "data", 7 0;
v0x7f8909529cc0_0 .net "error", 1 0, v0x7f89095295f0_0;  1 drivers
v0x7f8909529d70_0 .var "op", 1 0;
v0x7f8909529e20_0 .var "reset", 0 0;
v0x7f8909529ef0_0 .net "status", 1 0, v0x7f89095299a0_0;  1 drivers
v0x7f8909529fa0_0 .net "tos", 7 0, L_0x7f890952a460;  1 drivers
S_0x7f8909518f90 .scope module, "dut" "stack" 3 25, 4 14 0, S_0x7f8909518c50;
 .timescale 0 0;
    .port_info 0 /INPUT 1 "clk";
    .port_info 1 /INPUT 1 "reset";
    .port_info 2 /INPUT 2 "op";
    .port_info 3 /INPUT 8 "data";
    .port_info 4 /OUTPUT 8 "tos";
    .port_info 5 /OUTPUT 2 "status";
    .port_info 6 /OUTPUT 2 "error";
P_0x7f8909518e80 .param/l "DEPTH" 0 4 17, +C4<00000000000000000000000000000001>;
P_0x7f8909518ec0 .param/l "MAX_STACK" 1 4 31, +C4<00000000000000000000000000000000011>;
P_0x7f8909518f00 .param/l "WIDTH" 0 4 16, +C4<00000000000000000000000000001000>;
L_0x7f890952a460 .functor BUFZ 8, L_0x7f890952a050, C4<00000000>, C4<00000000>, C4<00000000>;
v0x7f89095191c0_0 .net *"_s0", 7 0, L_0x7f890952a050;  1 drivers
v0x7f8909529210_0 .net *"_s2", 32 0, L_0x7f890952a130;  1 drivers
L_0x10ede2008 .functor BUFT 1, C4<0000000000000000000000000000000>, C4<0>, C4<0>, C4<0>;
v0x7f89095292b0_0 .net *"_s5", 30 0, L_0x10ede2008;  1 drivers
L_0x10ede2050 .functor BUFT 1, C4<000000000000000000000000000000001>, C4<0>, C4<0>, C4<0>;
v0x7f8909529340_0 .net/2u *"_s6", 32 0, L_0x10ede2050;  1 drivers
v0x7f89095293d0_0 .net *"_s8", 32 0, L_0x7f890952a2e0;  1 drivers
v0x7f89095294a0_0 .net "clk", 0 0, v0x7f8909529b70_0;  1 drivers
v0x7f8909529540_0 .net "data", 7 0, v0x7f8909529c30_0;  1 drivers
v0x7f89095295f0_0 .var "error", 1 0;
v0x7f89095296a0_0 .var "index", 1 0;
v0x7f89095297b0_0 .net "op", 1 0, v0x7f8909529d70_0;  1 drivers
v0x7f8909529860_0 .net "reset", 0 0, v0x7f8909529e20_0;  1 drivers
v0x7f8909529900 .array "stack", 2 0, 7 0;
v0x7f89095299a0_0 .var "status", 1 0;
v0x7f8909529a50_0 .net "tos", 7 0, L_0x7f890952a460;  alias, 1 drivers
E_0x7f8909500b80 .event posedge, v0x7f89095294a0_0;
E_0x7f8909501020 .event edge, v0x7f89095296a0_0;
L_0x7f890952a050 .array/port v0x7f8909529900, L_0x7f890952a2e0;
L_0x7f890952a130 .concat [ 2 31 0 0], v0x7f89095296a0_0, L_0x10ede2008;
L_0x7f890952a2e0 .arith/sub 33, L_0x7f890952a130, L_0x10ede2050;
    .scope S_0x7f8909518f90;
T_0 ;
    %pushi/vec4 2, 0, 2;
    %store/vec4 v0x7f89095299a0_0, 0, 2;
    %pushi/vec4 0, 0, 2;
    %store/vec4 v0x7f89095295f0_0, 0, 2;
    %pushi/vec4 0, 0, 2;
    %store/vec4 v0x7f89095296a0_0, 0, 2;
    %end;
    .thread T_0, $init;
    .scope S_0x7f8909518f90;
T_1 ;
    %wait E_0x7f8909501020;
    %load/vec4 v0x7f89095296a0_0;
    %pad/u 35;
    %cmpi/e 3, 0, 35;
    %jmp/0xz  T_1.0, 4;
    %pushi/vec4 3, 0, 2;
    %assign/vec4 v0x7f89095299a0_0, 0;
    %jmp T_1.1;
T_1.0 ;
    %load/vec4 v0x7f89095296a0_0;
    %pad/u 32;
    %cmpi/e 0, 0, 32;
    %jmp/0xz  T_1.2, 4;
    %pushi/vec4 2, 0, 2;
    %assign/vec4 v0x7f89095299a0_0, 0;
    %jmp T_1.3;
T_1.2 ;
    %pushi/vec4 0, 0, 2;
    %assign/vec4 v0x7f89095299a0_0, 0;
T_1.3 ;
T_1.1 ;
    %jmp T_1;
    .thread T_1, $push;
    .scope S_0x7f8909518f90;
T_2 ;
    %wait E_0x7f8909500b80;
    %pushi/vec4 0, 0, 2;
    %assign/vec4 v0x7f89095295f0_0, 0;
    %load/vec4 v0x7f8909529860_0;
    %flag_set/vec4 8;
    %jmp/0xz  T_2.0, 8;
    %pushi/vec4 0, 0, 2;
    %assign/vec4 v0x7f89095296a0_0, 0;
    %jmp T_2.1;
T_2.0 ;
    %load/vec4 v0x7f89095297b0_0;
    %dup/vec4;
    %pushi/vec4 1, 0, 2;
    %cmp/u;
    %jmp/1 T_2.2, 6;
    %dup/vec4;
    %pushi/vec4 2, 0, 2;
    %cmp/u;
    %jmp/1 T_2.3, 6;
    %dup/vec4;
    %pushi/vec4 3, 0, 2;
    %cmp/u;
    %jmp/1 T_2.4, 6;
    %jmp T_2.5;
T_2.2 ;
    %load/vec4 v0x7f89095296a0_0;
    %pad/u 35;
    %cmpi/e 3, 0, 35;
    %jmp/0xz  T_2.6, 4;
    %pushi/vec4 2, 0, 2;
    %assign/vec4 v0x7f89095295f0_0, 0;
    %jmp T_2.7;
T_2.6 ;
    %load/vec4 v0x7f8909529540_0;
    %load/vec4 v0x7f89095296a0_0;
    %pad/u 4;
    %ix/vec4 3;
    %ix/load 4, 0, 0; Constant delay
    %assign/vec4/a/d v0x7f8909529900, 0, 4;
    %load/vec4 v0x7f89095296a0_0;
    %addi 1, 0, 2;
    %assign/vec4 v0x7f89095296a0_0, 0;
T_2.7 ;
    %jmp T_2.5;
T_2.3 ;
    %load/vec4 v0x7f89095296a0_0;
    %pad/u 32;
    %load/vec4 v0x7f8909529540_0;
    %pad/u 32;
    %sub;
    %cmpi/u 0, 0, 32;
    %flag_or 5, 4;
    %jmp/0xz  T_2.8, 5;
    %pushi/vec4 1, 0, 2;
    %assign/vec4 v0x7f89095295f0_0, 0;
    %jmp T_2.9;
T_2.8 ;
    %load/vec4 v0x7f89095296a0_0;
    %pad/u 8;
    %pushi/vec4 1, 0, 8;
    %load/vec4 v0x7f8909529540_0;
    %add;
    %sub;
    %pad/u 2;
    %assign/vec4 v0x7f89095296a0_0, 0;
T_2.9 ;
    %jmp T_2.5;
T_2.4 ;
    %load/vec4 v0x7f89095296a0_0;
    %pad/u 32;
    %cmpi/e 0, 0, 32;
    %jmp/0xz  T_2.10, 4;
    %pushi/vec4 1, 0, 2;
    %assign/vec4 v0x7f89095295f0_0, 0;
    %jmp T_2.11;
T_2.10 ;
    %load/vec4 v0x7f8909529540_0;
    %load/vec4 v0x7f89095296a0_0;
    %pad/u 33;
    %subi 1, 0, 33;
    %ix/vec4 3;
    %ix/load 4, 0, 0; Constant delay
    %assign/vec4/a/d v0x7f8909529900, 0, 4;
T_2.11 ;
    %jmp T_2.5;
T_2.5 ;
    %pop/vec4 1;
T_2.1 ;
    %jmp T_2;
    .thread T_2;
    .scope S_0x7f8909518c50;
T_3 ;
    %pushi/vec4 0, 0, 1;
    %store/vec4 v0x7f8909529b70_0, 0, 1;
    %end;
    .thread T_3, $init;
    .scope S_0x7f8909518c50;
T_4 ;
    %delay 1, 0;
    %load/vec4 v0x7f8909529b70_0;
    %inv;
    %store/vec4 v0x7f8909529b70_0, 0, 1;
    %jmp T_4;
    .thread T_4;
    .scope S_0x7f8909518c50;
T_5 ;
    %vpi_call/w 3 38 "$dumpfile", "stack_tb.vcd" {0 0 0};
    %vpi_call/w 3 39 "$dumpvars", 32'sb00000000000000000000000000000000, S_0x7f8909518c50 {0 0 0};
    %load/vec4 v0x7f8909529ef0_0;
    %pad/u 32;
    %cmpi/ne 2, 0, 32;
    %jmp/0xz  T_5.0, 6;
    %vpi_call/w 3 45 "$display", "ASSERTION FAILED in %m:%d: status != `EMPTY", 32'sb00000000000000000000000000101010 {0 0 0};
    %vpi_call/w 3 49 "$stop" {0 0 0};
T_5.0 ;
    %pushi/vec4 2, 0, 2;
    %assign/vec4 v0x7f8909529d70_0, 0;
    %pushi/vec4 0, 0, 8;
    %assign/vec4 v0x7f8909529c30_0, 0;
    %delay 2, 0;
    %load/vec4 v0x7f8909529cc0_0;
    %pad/u 32;
    %cmpi/ne 1, 0, 32;
    %jmp/0xz  T_5.2, 6;
    %vpi_call/w 3 51 "$display", "ASSERTION FAILED in %m:%d: error != `UNDERFLOW", 32'sb00000000000000000000000000110000 {0 0 0};
    %vpi_call/w 3 55 "$stop" {0 0 0};
T_5.2 ;
    %pushi/vec4 1, 0, 2;
    %assign/vec4 v0x7f8909529d70_0, 0;
    %pushi/vec4 0, 0, 8;
    %assign/vec4 v0x7f8909529c30_0, 0;
    %delay 2, 0;
    %load/vec4 v0x7f8909529ef0_0;
    %pad/u 32;
    %cmpi/ne 0, 0, 32;
    %jmp/0xz  T_5.4, 6;
    %vpi_call/w 3 57 "$display", "ASSERTION FAILED in %m:%d: status != `NONE", 32'sb00000000000000000000000000110110 {0 0 0};
    %vpi_call/w 3 61 "$stop" {0 0 0};
T_5.4 ;
    %load/vec4 v0x7f8909529fa0_0;
    %cmpi/ne 0, 0, 8;
    %jmp/0xz  T_5.6, 6;
    %vpi_call/w 3 58 "$display", "ASSERTION FAILED in %m:%d: tos != 8'h00", 32'sb00000000000000000000000000110111 {0 0 0};
    %vpi_call/w 3 62 "$stop" {0 0 0};
T_5.6 ;
    %pushi/vec4 1, 0, 2;
    %assign/vec4 v0x7f8909529d70_0, 0;
    %pushi/vec4 1, 0, 8;
    %assign/vec4 v0x7f8909529c30_0, 0;
    %delay 2, 0;
    %load/vec4 v0x7f8909529ef0_0;
    %pad/u 32;
    %cmpi/ne 0, 0, 32;
    %jmp/0xz  T_5.8, 6;
    %vpi_call/w 3 63 "$display", "ASSERTION FAILED in %m:%d: status != `NONE", 32'sb00000000000000000000000000111100 {0 0 0};
    %vpi_call/w 3 67 "$stop" {0 0 0};
T_5.8 ;
    %load/vec4 v0x7f8909529fa0_0;
    %cmpi/ne 1, 0, 8;
    %jmp/0xz  T_5.10, 6;
    %vpi_call/w 3 64 "$display", "ASSERTION FAILED in %m:%d: tos != 8'h01", 32'sb00000000000000000000000000111101 {0 0 0};
    %vpi_call/w 3 68 "$stop" {0 0 0};
T_5.10 ;
    %pushi/vec4 1, 0, 2;
    %assign/vec4 v0x7f8909529d70_0, 0;
    %pushi/vec4 2, 0, 8;
    %assign/vec4 v0x7f8909529c30_0, 0;
    %delay 2, 0;
    %load/vec4 v0x7f8909529ef0_0;
    %pad/u 32;
    %cmpi/ne 3, 0, 32;
    %jmp/0xz  T_5.12, 6;
    %vpi_call/w 3 69 "$display", "ASSERTION FAILED in %m:%d: status != `FULL", 32'sb00000000000000000000000001000010 {0 0 0};
    %vpi_call/w 3 73 "$stop" {0 0 0};
T_5.12 ;
    %load/vec4 v0x7f8909529fa0_0;
    %cmpi/ne 2, 0, 8;
    %jmp/0xz  T_5.14, 6;
    %vpi_call/w 3 70 "$display", "ASSERTION FAILED in %m:%d: tos != 8'h02", 32'sb00000000000000000000000001000011 {0 0 0};
    %vpi_call/w 3 74 "$stop" {0 0 0};
T_5.14 ;
    %pushi/vec4 0, 0, 2;
    %assign/vec4 v0x7f8909529d70_0, 0;
    %delay 2, 0;
    %load/vec4 v0x7f8909529ef0_0;
    %pad/u 32;
    %cmpi/ne 3, 0, 32;
    %jmp/0xz  T_5.16, 6;
    %vpi_call/w 3 75 "$display", "ASSERTION FAILED in %m:%d: status != `FULL", 32'sb00000000000000000000000001001000 {0 0 0};
    %vpi_call/w 3 79 "$stop" {0 0 0};
T_5.16 ;
    %load/vec4 v0x7f8909529fa0_0;
    %cmpi/ne 2, 0, 8;
    %jmp/0xz  T_5.18, 6;
    %vpi_call/w 3 76 "$display", "ASSERTION FAILED in %m:%d: tos != 8'h02", 32'sb00000000000000000000000001001001 {0 0 0};
    %vpi_call/w 3 80 "$stop" {0 0 0};
T_5.18 ;
    %pushi/vec4 1, 0, 2;
    %assign/vec4 v0x7f8909529d70_0, 0;
    %pushi/vec4 3, 0, 8;
    %assign/vec4 v0x7f8909529c30_0, 0;
    %delay 2, 0;
    %load/vec4 v0x7f8909529cc0_0;
    %pad/u 32;
    %cmpi/ne 2, 0, 32;
    %jmp/0xz  T_5.20, 6;
    %vpi_call/w 3 82 "$display", "ASSERTION FAILED in %m:%d: error != `OVERFLOW", 32'sb00000000000000000000000001001111 {0 0 0};
    %vpi_call/w 3 86 "$stop" {0 0 0};
T_5.20 ;
    %load/vec4 v0x7f8909529fa0_0;
    %cmpi/ne 2, 0, 8;
    %jmp/0xz  T_5.22, 6;
    %vpi_call/w 3 83 "$display", "ASSERTION FAILED in %m:%d: tos != 8'h02", 32'sb00000000000000000000000001010000 {0 0 0};
    %vpi_call/w 3 87 "$stop" {0 0 0};
T_5.22 ;
    %pushi/vec4 2, 0, 2;
    %assign/vec4 v0x7f8909529d70_0, 0;
    %pushi/vec4 0, 0, 8;
    %assign/vec4 v0x7f8909529c30_0, 0;
    %delay 2, 0;
    %load/vec4 v0x7f8909529ef0_0;
    %pad/u 32;
    %cmpi/ne 0, 0, 32;
    %jmp/0xz  T_5.24, 6;
    %vpi_call/w 3 89 "$display", "ASSERTION FAILED in %m:%d: status != `NONE", 32'sb00000000000000000000000001010110 {0 0 0};
    %vpi_call/w 3 93 "$stop" {0 0 0};
T_5.24 ;
    %load/vec4 v0x7f8909529fa0_0;
    %cmpi/ne 1, 0, 8;
    %jmp/0xz  T_5.26, 6;
    %vpi_call/w 3 90 "$display", "ASSERTION FAILED in %m:%d: tos != 8'h01", 32'sb00000000000000000000000001010111 {0 0 0};
    %vpi_call/w 3 94 "$stop" {0 0 0};
T_5.26 ;
    %pushi/vec4 2, 0, 2;
    %assign/vec4 v0x7f8909529d70_0, 0;
    %pushi/vec4 0, 0, 8;
    %assign/vec4 v0x7f8909529c30_0, 0;
    %delay 2, 0;
    %load/vec4 v0x7f8909529ef0_0;
    %pad/u 32;
    %cmpi/ne 0, 0, 32;
    %jmp/0xz  T_5.28, 6;
    %vpi_call/w 3 95 "$display", "ASSERTION FAILED in %m:%d: status != `NONE", 32'sb00000000000000000000000001011100 {0 0 0};
    %vpi_call/w 3 99 "$stop" {0 0 0};
T_5.28 ;
    %load/vec4 v0x7f8909529fa0_0;
    %cmpi/ne 0, 0, 8;
    %jmp/0xz  T_5.30, 6;
    %vpi_call/w 3 96 "$display", "ASSERTION FAILED in %m:%d: tos != 8'h00", 32'sb00000000000000000000000001011101 {0 0 0};
    %vpi_call/w 3 100 "$stop" {0 0 0};
T_5.30 ;
    %pushi/vec4 2, 0, 2;
    %assign/vec4 v0x7f8909529d70_0, 0;
    %pushi/vec4 0, 0, 8;
    %assign/vec4 v0x7f8909529c30_0, 0;
    %delay 2, 0;
    %load/vec4 v0x7f8909529ef0_0;
    %pad/u 32;
    %cmpi/ne 2, 0, 32;
    %jmp/0xz  T_5.32, 6;
    %vpi_call/w 3 101 "$display", "ASSERTION FAILED in %m:%d: status != `EMPTY", 32'sb00000000000000000000000001100010 {0 0 0};
    %vpi_call/w 3 105 "$stop" {0 0 0};
T_5.32 ;
    %pushi/vec4 3, 0, 2;
    %assign/vec4 v0x7f8909529d70_0, 0;
    %pushi/vec4 4, 0, 8;
    %assign/vec4 v0x7f8909529c30_0, 0;
    %delay 2, 0;
    %load/vec4 v0x7f8909529cc0_0;
    %pad/u 32;
    %cmpi/ne 1, 0, 32;
    %jmp/0xz  T_5.34, 6;
    %vpi_call/w 3 107 "$display", "ASSERTION FAILED in %m:%d: error != `UNDERFLOW", 32'sb00000000000000000000000001101000 {0 0 0};
    %vpi_call/w 3 111 "$stop" {0 0 0};
T_5.34 ;
    %pushi/vec4 1, 0, 2;
    %assign/vec4 v0x7f8909529d70_0, 0;
    %pushi/vec4 5, 0, 8;
    %assign/vec4 v0x7f8909529c30_0, 0;
    %delay 2, 0;
    %load/vec4 v0x7f8909529ef0_0;
    %pad/u 32;
    %cmpi/ne 0, 0, 32;
    %jmp/0xz  T_5.36, 6;
    %vpi_call/w 3 112 "$display", "ASSERTION FAILED in %m:%d: status != `NONE", 32'sb00000000000000000000000001101101 {0 0 0};
    %vpi_call/w 3 116 "$stop" {0 0 0};
T_5.36 ;
    %load/vec4 v0x7f8909529fa0_0;
    %cmpi/ne 5, 0, 8;
    %jmp/0xz  T_5.38, 6;
    %vpi_call/w 3 113 "$display", "ASSERTION FAILED in %m:%d: tos != 8'h05", 32'sb00000000000000000000000001101110 {0 0 0};
    %vpi_call/w 3 117 "$stop" {0 0 0};
T_5.38 ;
    %pushi/vec4 3, 0, 2;
    %assign/vec4 v0x7f8909529d70_0, 0;
    %pushi/vec4 6, 0, 8;
    %assign/vec4 v0x7f8909529c30_0, 0;
    %delay 2, 0;
    %load/vec4 v0x7f8909529ef0_0;
    %pad/u 32;
    %cmpi/ne 0, 0, 32;
    %jmp/0xz  T_5.40, 6;
    %vpi_call/w 3 118 "$display", "ASSERTION FAILED in %m:%d: status != `NONE", 32'sb00000000000000000000000001110011 {0 0 0};
    %vpi_call/w 3 122 "$stop" {0 0 0};
T_5.40 ;
    %load/vec4 v0x7f8909529fa0_0;
    %cmpi/ne 6, 0, 8;
    %jmp/0xz  T_5.42, 6;
    %vpi_call/w 3 119 "$display", "ASSERTION FAILED in %m:%d: tos != 8'h06", 32'sb00000000000000000000000001110100 {0 0 0};
    %vpi_call/w 3 123 "$stop" {0 0 0};
T_5.42 ;
    %pushi/vec4 0, 0, 2;
    %assign/vec4 v0x7f8909529d70_0, 0;
    %delay 2, 0;
    %load/vec4 v0x7f8909529ef0_0;
    %pad/u 32;
    %cmpi/ne 0, 0, 32;
    %jmp/0xz  T_5.44, 6;
    %vpi_call/w 3 123 "$display", "ASSERTION FAILED in %m:%d: status != `NONE", 32'sb00000000000000000000000001111000 {0 0 0};
    %vpi_call/w 3 127 "$stop" {0 0 0};
T_5.44 ;
    %load/vec4 v0x7f8909529fa0_0;
    %cmpi/ne 6, 0, 8;
    %jmp/0xz  T_5.46, 6;
    %vpi_call/w 3 124 "$display", "ASSERTION FAILED in %m:%d: tos != 8'h06", 32'sb00000000000000000000000001111001 {0 0 0};
    %vpi_call/w 3 128 "$stop" {0 0 0};
T_5.46 ;
    %pushi/vec4 1, 0, 1;
    %assign/vec4 v0x7f8909529e20_0, 0;
    %delay 2, 0;
    %pushi/vec4 0, 0, 1;
    %assign/vec4 v0x7f8909529e20_0, 0;
    %load/vec4 v0x7f8909529ef0_0;
    %pad/u 32;
    %cmpi/ne 2, 0, 32;
    %jmp/0xz  T_5.48, 6;
    %vpi_call/w 3 130 "$display", "ASSERTION FAILED in %m:%d: status != `EMPTY", 32'sb00000000000000000000000001111111 {0 0 0};
    %vpi_call/w 3 134 "$stop" {0 0 0};
T_5.48 ;
    %vpi_call/w 3 129 "$finish" {0 0 0};
    %end;
    .thread T_5;
# The file index is used to find the file name in the following table.
:file_names 5;
    "N/A";
    "<interactive>";
    "-";
    "test/stack_tb.v";
    "src/stack.v";
